<?xml version="1.0" encoding="UTF-8"?>
<!-- Generated by org.testng.reporters.JUnitReportReporter -->
<testsuite skipped="0" hostname="LAPTOP-5DN4VF2K" name="com.nopcommerce.demo.testsuite.ElectronicsPageTest" tests="1" failures="0" timestamp="2022-12-12T17:55:27 GMT" time="26.587" errors="0">
  <testcase name="verifyThatTheProductAddedSuccessfullyAndPlaceOrderSuccessfully" time="26.587" classname="com.nopcommerce.demo.testsuite.ElectronicsPageTest"/>
  <system-out>
    <![CDATA[mouseHoverOnElectronicTab[[ChromeDriver: chrome on WINDOWS (e9ad741734aca21215dc16d7c6a1b44b)] -> xpath: //a[text()='Electronics ']]
clickOnCellPhones[[ChromeDriver: chrome on WINDOWS (e9ad741734aca21215dc16d7c6a1b44b)] -> xpath: //ul[1]/li[2]/ul[1]/li[2]/a[1]]
getCellPhoneText[[ChromeDriver: chrome on WINDOWS (e9ad741734aca21215dc16d7c6a1b44b)] -> xpath: //h1[text()='Cell phones']]
clickOnListViewTab[[ChromeDriver: chrome on WINDOWS (e9ad741734aca21215dc16d7c6a1b44b)] -> xpath: //a[contains(text(),'List')]]
clickOnNokiaLumiaProduct[[ChromeDriver: chrome on WINDOWS (e9ad741734aca21215dc16d7c6a1b44b)] -> xpath: //div[3]/div[1]/div[2]/h2[1]/a]
verifyNokiaLumiaText[[ChromeDriver: chrome on WINDOWS (e9ad741734aca21215dc16d7c6a1b44b)] -> xpath: //h1[text()='Nokia Lumia 1020']]
verifyPrice349[[ChromeDriver: chrome on WINDOWS (e9ad741734aca21215dc16d7c6a1b44b)] -> id: price-value-20]
changeTheQuantity[[ChromeDriver: chrome on WINDOWS (e9ad741734aca21215dc16d7c6a1b44b)] -> name: addtocart_20.EnteredQuantity]
clickOnAddToCartButton[[ChromeDriver: chrome on WINDOWS (e9ad741734aca21215dc16d7c6a1b44b)] -> id: add-to-cart-button-20]
verifyProductAddedInShoppingCartText[[ChromeDriver: chrome on WINDOWS (e9ad741734aca21215dc16d7c6a1b44b)] -> xpath: //body/div[@id='bar-notification']/div[1]/p[1]]
clickOnCloseButton[[ChromeDriver: chrome on WINDOWS (e9ad741734aca21215dc16d7c6a1b44b)] -> xpath: //span[@title='Close']]
hoverOnShoppingCartAndClickOnGoToCartButton[[ChromeDriver: chrome on WINDOWS (e9ad741734aca21215dc16d7c6a1b44b)] -> xpath: //button[text()='Go to cart']]
verifyShoppingCartText[[ChromeDriver: chrome on WINDOWS (e9ad741734aca21215dc16d7c6a1b44b)] -> xpath: //h1[text()='Shopping cart']]
verifyTheQuantityIs2[[ChromeDriver: chrome on WINDOWS (e9ad741734aca21215dc16d7c6a1b44b)] -> xpath: //span[contains(text(),'(2)')]]
verifyTheTotal[[ChromeDriver: chrome on WINDOWS (e9ad741734aca21215dc16d7c6a1b44b)] -> xpath: //tbody/tr[1]/td[6]/span[1]]
clickOnCheckBox[[ChromeDriver: chrome on WINDOWS (e9ad741734aca21215dc16d7c6a1b44b)] -> xpath: //input[@id='termsofservice']]
clickOnCheckoutButton[[ChromeDriver: chrome on WINDOWS (e9ad741734aca21215dc16d7c6a1b44b)] -> id: checkout]
verifyWelcomeMessage[[ChromeDriver: chrome on WINDOWS (e9ad741734aca21215dc16d7c6a1b44b)] -> xpath: //h1[text()='Welcome, Please Sign In!']]
clickOnRegisterTab[[ChromeDriver: chrome on WINDOWS (e9ad741734aca21215dc16d7c6a1b44b)] -> xpath: //button[text()='Register']]
verifyRegisterText[[ChromeDriver: chrome on WINDOWS (e9ad741734aca21215dc16d7c6a1b44b)] -> xpath: //h1[text()='Register']]
mandatoryFields[[ChromeDriver: chrome on WINDOWS (e9ad741734aca21215dc16d7c6a1b44b)] -> id: gender-male]
clickOnRegistrationButton[[ChromeDriver: chrome on WINDOWS (e9ad741734aca21215dc16d7c6a1b44b)] -> id: register-button]
verifyRegistrationText[[ChromeDriver: chrome on WINDOWS (e9ad741734aca21215dc16d7c6a1b44b)] -> xpath: //div[text()='Your registration completed']]
clickOnContinueTab[[ChromeDriver: chrome on WINDOWS (e9ad741734aca21215dc16d7c6a1b44b)] -> xpath: //a[text()='Continue']]
checkShoppingCartText[[ChromeDriver: chrome on WINDOWS (e9ad741734aca21215dc16d7c6a1b44b)] -> xpath: //h1[text()='Shopping cart']]
clickOnTermsAndServicesBox[[ChromeDriver: chrome on WINDOWS (e9ad741734aca21215dc16d7c6a1b44b)] -> xpath: //div[@class='terms-of-service']]
clickOnCheckoutLast[[ChromeDriver: chrome on WINDOWS (e9ad741734aca21215dc16d7c6a1b44b)] -> xpath: //button[@id='checkout']]
fillDeliveryAddressFields[[ChromeDriver: chrome on WINDOWS (e9ad741734aca21215dc16d7c6a1b44b)] -> id: BillingNewAddress_CountryId]
clickOnContinueButton[[ChromeDriver: chrome on WINDOWS (e9ad741734aca21215dc16d7c6a1b44b)] -> xpath: //div/button[4]]
clickOn2ndDayAirButton[[ChromeDriver: chrome on WINDOWS (e9ad741734aca21215dc16d7c6a1b44b)] -> id: shippingoption_2]
clickContinue[[ChromeDriver: chrome on WINDOWS (e9ad741734aca21215dc16d7c6a1b44b)] -> xpath: //form/div[2]/button[1]]
selectCreditCardRadioButton[[ChromeDriver: chrome on WINDOWS (e9ad741734aca21215dc16d7c6a1b44b)] -> id: paymentmethod_1]
clickCon[[ChromeDriver: chrome on WINDOWS (e9ad741734aca21215dc16d7c6a1b44b)] -> xpath: //li[4]/div[2]/div[1]/button[1]]
selectVisaFromDropDown[[ChromeDriver: chrome on WINDOWS (e9ad741734aca21215dc16d7c6a1b44b)] -> id: CreditCardType]
fillCardDetails[[ChromeDriver: chrome on WINDOWS (e9ad741734aca21215dc16d7c6a1b44b)] -> id: CardNumber]
clickConBtn[[ChromeDriver: chrome on WINDOWS (e9ad741734aca21215dc16d7c6a1b44b)] -> xpath: //li[5]/div[2]/div[1]/button[1]]
verifyCreditCardText[[ChromeDriver: chrome on WINDOWS (e9ad741734aca21215dc16d7c6a1b44b)] -> xpath: //span[contains(text(),'Credit Card')]]
verify2ndDayAirText[[ChromeDriver: chrome on WINDOWS (e9ad741734aca21215dc16d7c6a1b44b)] -> xpath: //div[2]/div[2]/ul[1]/li[1]/span[2]]
verifyFinalTotal[[ChromeDriver: chrome on WINDOWS (e9ad741734aca21215dc16d7c6a1b44b)] -> xpath: //tbody/tr[1]/td[6]/span[1]]
clickOnConfirmButton[[ChromeDriver: chrome on WINDOWS (e9ad741734aca21215dc16d7c6a1b44b)] -> xpath: //button[contains(text(),'Confirm')]]
verifyThankYouText[[ChromeDriver: chrome on WINDOWS (e9ad741734aca21215dc16d7c6a1b44b)] -> xpath: //h1[contains(text(),'Thank you')]]
verifySuccessfullyProcessedMessage[[ChromeDriver: chrome on WINDOWS (e9ad741734aca21215dc16d7c6a1b44b)] -> xpath: //strong[contains(text(),'Your order has been successfully processed!')]]
clickOnContinue[[ChromeDriver: chrome on WINDOWS (e9ad741734aca21215dc16d7c6a1b44b)] -> xpath: //button[contains(text(),'Continue')]]
verifyWelcomeToOurStoreText[[ChromeDriver: chrome on WINDOWS (e9ad741734aca21215dc16d7c6a1b44b)] -> xpath: //h2[contains(text(),'Welcome to our store')]]
clickOnLogoutLink[[ChromeDriver: chrome on WINDOWS (e9ad741734aca21215dc16d7c6a1b44b)] -> xpath: //a[contains(text(),'Log out')]]]]>
  </system-out>
</testsuite> <!-- com.nopcommerce.demo.testsuite.ElectronicsPageTest -->
