<?xml version="1.0" encoding="UTF-8"?>
<!-- Generated by org.testng.reporters.JUnitReportReporter -->
<testsuite skipped="0" hostname="LAPTOP-5DN4VF2K" name="com.nopcommerce.demo.testsuite.ComputerPageTest" tests="1" failures="0" timestamp="2022-12-12T17:55:27 GMT" time="27.884" errors="0">
  <testcase name="verifyProductAddedToShoppingCartSuccessFully" time="27.884" classname="com.nopcommerce.demo.testsuite.ComputerPageTest"/>
  <system-out>
    <![CDATA[clickOnComputerTab[[ChromeDriver: chrome on WINDOWS (58b25d3482e8183694272abb80ea64d8)] -> link text: Computers]
clickOnDesktop[[ChromeDriver: chrome on WINDOWS (58b25d3482e8183694272abb80ea64d8)] -> xpath: //h2[@class='title']//a]
getSelectByText[[ChromeDriver: chrome on WINDOWS (58b25d3482e8183694272abb80ea64d8)] -> xpath: //select[@name='products-orderby']]
clickOnAddToCart[[ChromeDriver: chrome on WINDOWS (58b25d3482e8183694272abb80ea64d8)] -> xpath: //body/div[6]/div[3]/div[1]/div[3]/div[1]/div[2]/div[2]/div[2]/div[1]/div[1]/div[1]/div[1]/div[2]/div[3]/div[2]/button[1]]
getBuildYourOwnText[[ChromeDriver: chrome on WINDOWS (58b25d3482e8183694272abb80ea64d8)] -> xpath: //h1[contains(text(),'Build your own computer')]]
selectProcessorE2200ByValue[[ChromeDriver: chrome on WINDOWS (58b25d3482e8183694272abb80ea64d8)] -> xpath: //select[@id='product_attribute_1']]
selectRam8GBByValue[[ChromeDriver: chrome on WINDOWS (58b25d3482e8183694272abb80ea64d8)] -> xpath: //select[@id='product_attribute_2']]
clickOnHDDRadio400GB[[ChromeDriver: chrome on WINDOWS (58b25d3482e8183694272abb80ea64d8)] -> xpath: //label[text()='400 GB [+$100.00]']]
clickOnOsRadioVistaPremium[[ChromeDriver: chrome on WINDOWS (58b25d3482e8183694272abb80ea64d8)] -> xpath: //label[text()='Vista Premium [+$60.00]']]
clickOnSoftwareTotalCommander[[ChromeDriver: chrome on WINDOWS (58b25d3482e8183694272abb80ea64d8)] -> xpath: //input[@id='product_attribute_5_10']]
totalCommand[[ChromeDriver: chrome on WINDOWS (58b25d3482e8183694272abb80ea64d8)] -> xpath: //input[@id='product_attribute_5_12']]
clickOnAddToCartButton[[ChromeDriver: chrome on WINDOWS (58b25d3482e8183694272abb80ea64d8)] -> xpath: //button[@id='add-to-cart-button-1']]
getCartText[[ChromeDriver: chrome on WINDOWS (58b25d3482e8183694272abb80ea64d8)] -> xpath: //body/div[@id='bar-notification']/div[1]/p[1]]
closeCartMessageBox[[ChromeDriver: chrome on WINDOWS (58b25d3482e8183694272abb80ea64d8)] -> xpath: //span[@class='close']]
mouseHoverOnShoppingCart[[ChromeDriver: chrome on WINDOWS (58b25d3482e8183694272abb80ea64d8)] -> xpath: //span[contains(text(),'Shopping cart')]]
clickOnShoppingCart[[ChromeDriver: chrome on WINDOWS (58b25d3482e8183694272abb80ea64d8)] -> xpath: //button[contains(text(),'Go to cart')]]
getShoppingCartText[[ChromeDriver: chrome on WINDOWS (58b25d3482e8183694272abb80ea64d8)] -> xpath: //span[contains(text(),'Shopping cart')]]
clearTextInQuantityField[[ChromeDriver: chrome on WINDOWS (58b25d3482e8183694272abb80ea64d8)] -> xpath: //input[@value='1']]
sendTextToQuantityField[[ChromeDriver: chrome on WINDOWS (58b25d3482e8183694272abb80ea64d8)] -> xpath: //input[@value='1']]
clickOnUpdateShoppingCartButton[[ChromeDriver: chrome on WINDOWS (58b25d3482e8183694272abb80ea64d8)] -> xpath: //button[@id='updatecart']]
verifyTotalPrice2950[[ChromeDriver: chrome on WINDOWS (58b25d3482e8183694272abb80ea64d8)] -> xpath: //span[@class='product-subtotal']]
clickOnCheckBoxIAgreeWithTermsAndCondition[[ChromeDriver: chrome on WINDOWS (58b25d3482e8183694272abb80ea64d8)] -> xpath: //input[@id='termsofservice']]
clickOnCheckOutButton[[ChromeDriver: chrome on WINDOWS (58b25d3482e8183694272abb80ea64d8)] -> xpath: //button[@id='checkout']]
getWelcomePleaseSignInText[[ChromeDriver: chrome on WINDOWS (58b25d3482e8183694272abb80ea64d8)] -> xpath: //h1[contains(text(),'Welcome, Please Sign In!')]]
clickOnCheckOutAsGuestBox[[ChromeDriver: chrome on WINDOWS (58b25d3482e8183694272abb80ea64d8)] -> xpath: //button[contains(text(),'Checkout as Guest')]]
enterText Adam ToFirstNameField[[ChromeDriver: chrome on WINDOWS (58b25d3482e8183694272abb80ea64d8)] -> id: BillingNewAddress_FirstName]
enterText Smith ToLastNameField[[ChromeDriver: chrome on WINDOWS (58b25d3482e8183694272abb80ea64d8)] -> id: BillingNewAddress_LastName]
enterText Adam1THJ@gmail.com ToEmailField[[ChromeDriver: chrome on WINDOWS (58b25d3482e8183694272abb80ea64d8)] -> id: BillingNewAddress_Email]
selectTextToCountryField[[ChromeDriver: chrome on WINDOWS (58b25d3482e8183694272abb80ea64d8)] -> xpath: //select[@id='BillingNewAddress_CountryId']]
selectStateToStateField[[ChromeDriver: chrome on WINDOWS (58b25d3482e8183694272abb80ea64d8)] -> id: BillingNewAddress_StateProvinceId]
selectText London ToCityField[[ChromeDriver: chrome on WINDOWS (58b25d3482e8183694272abb80ea64d8)] -> xpath: //input[@id='BillingNewAddress_City']]
sendText 1,Charlie road ToAddressLine1[[ChromeDriver: chrome on WINDOWS (58b25d3482e8183694272abb80ea64d8)] -> css selector: #BillingNewAddress_Address1]
sendText ninja ToAddressLine2[[ChromeDriver: chrome on WINDOWS (58b25d3482e8183694272abb80ea64d8)] -> css selector: #BillingNewAddress_Address2]
enterText HA5 7NN ToPostcode[[ChromeDriver: chrome on WINDOWS (58b25d3482e8183694272abb80ea64d8)] -> xpath: //input[@id='BillingNewAddress_ZipPostalCode']]
enter Text 1234567890 To PhoneNumber Field [[ChromeDriver: chrome on WINDOWS (58b25d3482e8183694272abb80ea64d8)] -> xpath: //input[@id='BillingNewAddress_PhoneNumber']]
clickOnContinueButton[[ChromeDriver: chrome on WINDOWS (58b25d3482e8183694272abb80ea64d8)] -> name: save]
clickOnNextDayAirButton[[ChromeDriver: chrome on WINDOWS (58b25d3482e8183694272abb80ea64d8)] -> xpath: //input[@id='shippingoption_1']]
clickOnContinueButtonAgain[[ChromeDriver: chrome on WINDOWS (58b25d3482e8183694272abb80ea64d8)] -> xpath: //button[@class='button-1 shipping-method-next-step-button']]
clickOnCreditCardButton[[ChromeDriver: chrome on WINDOWS (58b25d3482e8183694272abb80ea64d8)] -> xpath: //input[@id='paymentmethod_1']]
clickOnContinue2[[ChromeDriver: chrome on WINDOWS (58b25d3482e8183694272abb80ea64d8)] -> xpath: //button[@class='button-1 payment-method-next-step-button']]
clickOnCreditCardRadioButton[[ChromeDriver: chrome on WINDOWS (58b25d3482e8183694272abb80ea64d8)] -> xpath: //input[@id='paymentmethod_1']]
clickOnContinueButton3[[ChromeDriver: chrome on WINDOWS (58b25d3482e8183694272abb80ea64d8)] -> xpath: //body/div[6]/div[3]/div[1]/div[1]/div[1]/div[2]/ol[1]/li[4]/div[2]/div[1]/button[1]]
selectMasterCardFromCreditCardDropdown[[ChromeDriver: chrome on WINDOWS (58b25d3482e8183694272abb80ea64d8)] -> xpath: //select[@id='CreditCardType']]
sendTextTOCardHolderName[[ChromeDriver: chrome on WINDOWS (58b25d3482e8183694272abb80ea64d8)] -> id: CardholderName]
sendTextTOCardNumber[[ChromeDriver: chrome on WINDOWS (58b25d3482e8183694272abb80ea64d8)] -> id: CardNumber]
selectMonthAndYearForCreditCardExpireData
sendTextToCardCode[[ChromeDriver: chrome on WINDOWS (58b25d3482e8183694272abb80ea64d8)] -> id: CardCode]
clickOnContinueButton4[[ChromeDriver: chrome on WINDOWS (58b25d3482e8183694272abb80ea64d8)] -> xpath: //button[@class='button-1 payment-info-next-step-button']]
getPaymentMethodText[[ChromeDriver: chrome on WINDOWS (58b25d3482e8183694272abb80ea64d8)] -> xpath: //body/div[6]/div[3]/div[1]/div[1]/div[1]/div[2]/ol[1]/li[6]/div[2]/div[1]/div[1]/div[1]/div[1]/div[1]/div[1]/div[2]/ul[1]/li[1]]
verifyShippingMethodText[[ChromeDriver: chrome on WINDOWS (58b25d3482e8183694272abb80ea64d8)] -> xpath: //body/div[6]/div[3]/div[1]/div[1]/div[1]/div[2]/ol[1]/li[6]/div[2]/div[1]/div[1]/div[1]/div[1]/div[1]/div[2]/div[2]/ul[1]/li[1]]
verifyTotalPriceIs2950[[ChromeDriver: chrome on WINDOWS (58b25d3482e8183694272abb80ea64d8)] -> xpath: //tr[@class='order-total']/td[2]/span/strong]
clickOnConfirmButton[[ChromeDriver: chrome on WINDOWS (58b25d3482e8183694272abb80ea64d8)] -> xpath: //button[@class='button-1 confirm-order-next-step-button']]
verifyThankYouText[[ChromeDriver: chrome on WINDOWS (58b25d3482e8183694272abb80ea64d8)] -> xpath: //h1[contains(text(),'Thank you')]]
verifySuccessfullyProcessedText[[ChromeDriver: chrome on WINDOWS (58b25d3482e8183694272abb80ea64d8)] -> xpath: //strong[contains(text(),'Your order has been successfully processed!')]]
clickOnContinueButton5[[ChromeDriver: chrome on WINDOWS (58b25d3482e8183694272abb80ea64d8)] -> css selector: div.master-wrapper-page:nth-child(6) div.master-wrapper-content div.master-column-wrapper div.center-1 div.page.checkout-page.order-completed-page div.page-body.checkout-data div.section.order-completed div.buttons > button.button-1.order-completed-continue-button]
getWelcomeToOurStoreText[[ChromeDriver: chrome on WINDOWS (58b25d3482e8183694272abb80ea64d8)] -> xpath: //h2[contains(text(),'Welcome to our store')]]]]>
  </system-out>
</testsuite> <!-- com.nopcommerce.demo.testsuite.ComputerPageTest -->
