<?xml version="1.0" encoding="UTF-8"?>
<!-- Generated by org.testng.reporters.JUnitReportReporter -->
<testsuite skipped="0" hostname="LAPTOP-5DN4VF2K" name="com.nopcommerce.demo.testsuite.TopMenuPageTest" tests="1" failures="0" timestamp="2022-12-12T17:55:27 GMT" time="5.395" errors="0">
  <testcase name="verifyUserShouldNavigateToElectronics" time="5.395" classname="com.nopcommerce.demo.testsuite.TopMenuPageTest"/>
  <system-out>
    <![CDATA[verifyElectronics[[ChromeDriver: chrome on WINDOWS (0c8ef719c7d14a3f3d7c33e89f5bc3a5)] -> xpath: //a[@href='/electronics']]]]>
  </system-out>
</testsuite> <!-- com.nopcommerce.demo.testsuite.TopMenuPageTest -->
